Determining if the pthread_create exist failed with the following output:
Change Dir: /nas/ei/home/ga62reh/workspace/gruppe2/catkin_shangyin_v1.1/build/CMakeFiles/CMakeTmp

Run Build Command:"/usr/bin/make" "cmTC_2893e/fast"
/usr/bin/make -f CMakeFiles/cmTC_2893e.dir/build.make CMakeFiles/cmTC_2893e.dir/build
make[1]: Entering directory '/nas/ei/home/ga62reh/workspace/gruppe2/catkin_shangyin_v1.1/build/CMakeFiles/CMakeTmp'
Building C object CMakeFiles/cmTC_2893e.dir/CheckSymbolExists.c.o
/usr/bin/cc     -o CMakeFiles/cmTC_2893e.dir/CheckSymbolExists.c.o   -c /nas/ei/home/ga62reh/workspace/gruppe2/catkin_shangyin_v1.1/build/CMakeFiles/CMakeTmp/CheckSymbolExists.c
Linking C executable cmTC_2893e
/usr/bin/cmake -E cmake_link_script CMakeFiles/cmTC_2893e.dir/link.txt --verbose=1
/usr/bin/cc       CMakeFiles/cmTC_2893e.dir/CheckSymbolExists.c.o  -o cmTC_2893e -rdynamic 
CMakeFiles/cmTC_2893e.dir/CheckSymbolExists.c.o: In function `main':
CheckSymbolExists.c:(.text+0x16): undefined reference to `pthread_create'
collect2: error: ld returned 1 exit status
CMakeFiles/cmTC_2893e.dir/build.make:97: recipe for target 'cmTC_2893e' failed
make[1]: *** [cmTC_2893e] Error 1
make[1]: Leaving directory '/nas/ei/home/ga62reh/workspace/gruppe2/catkin_shangyin_v1.1/build/CMakeFiles/CMakeTmp'
Makefile:126: recipe for target 'cmTC_2893e/fast' failed
make: *** [cmTC_2893e/fast] Error 2

File /nas/ei/home/ga62reh/workspace/gruppe2/catkin_shangyin_v1.1/build/CMakeFiles/CMakeTmp/CheckSymbolExists.c:
/* */
#include <pthread.h>

int main(int argc, char** argv)
{
  (void)argv;
#ifndef pthread_create
  return ((int*)(&pthread_create))[argc];
#else
  (void)argc;
  return 0;
#endif
}

Determining if the function pthread_create exists in the pthreads failed with the following output:
Change Dir: /nas/ei/home/ga62reh/workspace/gruppe2/catkin_shangyin_v1.1/build/CMakeFiles/CMakeTmp

Run Build Command:"/usr/bin/make" "cmTC_c01ae/fast"
/usr/bin/make -f CMakeFiles/cmTC_c01ae.dir/build.make CMakeFiles/cmTC_c01ae.dir/build
make[1]: Entering directory '/nas/ei/home/ga62reh/workspace/gruppe2/catkin_shangyin_v1.1/build/CMakeFiles/CMakeTmp'
Building C object CMakeFiles/cmTC_c01ae.dir/CheckFunctionExists.c.o
/usr/bin/cc    -DCHECK_FUNCTION_EXISTS=pthread_create   -o CMakeFiles/cmTC_c01ae.dir/CheckFunctionExists.c.o   -c /usr/share/cmake-3.5/Modules/CheckFunctionExists.c
Linking C executable cmTC_c01ae
/usr/bin/cmake -E cmake_link_script CMakeFiles/cmTC_c01ae.dir/link.txt --verbose=1
/usr/bin/cc   -DCHECK_FUNCTION_EXISTS=pthread_create    CMakeFiles/cmTC_c01ae.dir/CheckFunctionExists.c.o  -o cmTC_c01ae -rdynamic -lpthreads 
/usr/bin/ld: cannot find -lpthreads
collect2: error: ld returned 1 exit status
CMakeFiles/cmTC_c01ae.dir/build.make:97: recipe for target 'cmTC_c01ae' failed
make[1]: *** [cmTC_c01ae] Error 1
make[1]: Leaving directory '/nas/ei/home/ga62reh/workspace/gruppe2/catkin_shangyin_v1.1/build/CMakeFiles/CMakeTmp'
Makefile:126: recipe for target 'cmTC_c01ae/fast' failed
make: *** [cmTC_c01ae/fast] Error 2


